0 _ ¢ l 3q
0 1 1 l 3q
0 0 0 l 3q
3q _ £ r 3n
3n 1 x r 1
3n 0 x r 7
1 1 1 r 1
1 0 0 r 1
1 _ ¢ l 2
1 ¢ ¢ l 2
2 £ £ r 2
2 0 0 l 3
2 1 1 l 3
3 £ £ r 3
3 1 1 l 4
4 £ £ r 4
4 0 0 l 4
4 1 1 l 4
4 x 1 r 6q
6q _ ¢ l 5
6q ¢ ¢ l 5
6q 0 0 l 5
6q 1 1 l 5
6q x x l 5
5 1 1 l 6
6 £ £ r 6
6 1 1 r 9t
9t _ ¢ l halt-accept
9t ¢ ¢ l halt-accept
9t 0 0 l halt-accept
9t 1 1 l halt-accept
9t x x l halt-accept
7 0 0 r 7
7 1 1 r 7
7 _ ¢ l 8
7 ¢ ¢ l 8
8 £ £ r 8
8 0 0 l 9
8 1 1 l 9
9 £ £ r 9
9 1 1 r 4x
9 0 0 l 10
4x _ ¢ l halt-accept
4x ¢ ¢ l halt-accept
4x 0 0 l halt-accept
4x 1 1 l halt-accept
4x x x l halt-accept
10 £ £ r 10
10 0 0 l 10
10 1 1 l 10
10 x x r 11
11 1 x r 12
12 0 x r 13
13 y y r 13
13 0 y r 14
13 1 y r 17
13 _ ¢ r 7b
13 ¢ ¢ r 7b
7b _ ¢ l halt-accept
7b ¢ ¢ l halt-accept
7b 0 0 l halt-accept
7b 1 1 l halt-accept
7b x x l halt-accept
14 0 0 r 14
14 1 y r 15
15 0 0 r 15
15 1 y l 16
16 £ £ r 16
16 0 0 l 16
16 y y l 16
16 x x r 13
17 0 0 r 17
17 y y r 17
17 1 y l 18
18 £ £ r 18
18 0 0 l 18
18 y y l 18
18 x x r 19
19 1 1 r 19
19 y y r 19
19 0 y l 20
20 £ £ r 20
20 1 1 l 20
20 y y l 20
20 x x r 13
